The system is: Linux - 3.13.0-24-generic - x86_64
Compiling the C compiler identification source file "CMakeCCompilerId.c" succeeded.
Compiler: /usr/bin/cc 
Build flags: 
Id flags: 

The output was:
0


Compilation of the C compiler identification source "CMakeCCompilerId.c" produced "a.out"

The C compiler identification is GNU, found in "/home/hyphen/.emacs.d/plugins/rtags/build/CMakeFiles/2.8.12.2/CompilerIdC/a.out"

Compiling the CXX compiler identification source file "CMakeCXXCompilerId.cpp" succeeded.
Compiler: /usr/bin/c++ 
Build flags: 
Id flags: 

The output was:
0


Compilation of the CXX compiler identification source "CMakeCXXCompilerId.cpp" produced "a.out"

The CXX compiler identification is GNU, found in "/home/hyphen/.emacs.d/plugins/rtags/build/CMakeFiles/2.8.12.2/CompilerIdCXX/a.out"

Determining if the C compiler works passed with the following output:
Change Dir: /home/hyphen/.emacs.d/plugins/rtags/build/CMakeFiles/CMakeTmp

Run Build Command:/usr/bin/make "cmTryCompileExec2840714017/fast"
/usr/bin/make -f CMakeFiles/cmTryCompileExec2840714017.dir/build.make CMakeFiles/cmTryCompileExec2840714017.dir/build
make[1]: Entering directory `/home/hyphen/.emacs.d/plugins/rtags/build/CMakeFiles/CMakeTmp'
/usr/bin/cmake -E cmake_progress_report /home/hyphen/.emacs.d/plugins/rtags/build/CMakeFiles/CMakeTmp/CMakeFiles 1
Building C object CMakeFiles/cmTryCompileExec2840714017.dir/testCCompiler.c.o
/usr/bin/cc    -o CMakeFiles/cmTryCompileExec2840714017.dir/testCCompiler.c.o   -c /home/hyphen/.emacs.d/plugins/rtags/build/CMakeFiles/CMakeTmp/testCCompiler.c
Linking C executable cmTryCompileExec2840714017
/usr/bin/cmake -E cmake_link_script CMakeFiles/cmTryCompileExec2840714017.dir/link.txt --verbose=1
/usr/bin/cc       CMakeFiles/cmTryCompileExec2840714017.dir/testCCompiler.c.o  -o cmTryCompileExec2840714017 -rdynamic 
make[1]: Leaving directory `/home/hyphen/.emacs.d/plugins/rtags/build/CMakeFiles/CMakeTmp'


Detecting C compiler ABI info compiled with the following output:
Change Dir: /home/hyphen/.emacs.d/plugins/rtags/build/CMakeFiles/CMakeTmp

Run Build Command:/usr/bin/make "cmTryCompileExec53392092/fast"
/usr/bin/make -f CMakeFiles/cmTryCompileExec53392092.dir/build.make CMakeFiles/cmTryCompileExec53392092.dir/build
make[1]: Entering directory `/home/hyphen/.emacs.d/plugins/rtags/build/CMakeFiles/CMakeTmp'
/usr/bin/cmake -E cmake_progress_report /home/hyphen/.emacs.d/plugins/rtags/build/CMakeFiles/CMakeTmp/CMakeFiles 1
Building C object CMakeFiles/cmTryCompileExec53392092.dir/CMakeCCompilerABI.c.o
/usr/bin/cc    -o CMakeFiles/cmTryCompileExec53392092.dir/CMakeCCompilerABI.c.o   -c /usr/share/cmake-2.8/Modules/CMakeCCompilerABI.c
Linking C executable cmTryCompileExec53392092
/usr/bin/cmake -E cmake_link_script CMakeFiles/cmTryCompileExec53392092.dir/link.txt --verbose=1
/usr/bin/cc     -v CMakeFiles/cmTryCompileExec53392092.dir/CMakeCCompilerABI.c.o  -o cmTryCompileExec53392092 -rdynamic  
Using built-in specs.
COLLECT_GCC=/usr/bin/cc
COLLECT_LTO_WRAPPER=/usr/lib/gcc/x86_64-linux-gnu/4.8/lto-wrapper
Target: x86_64-linux-gnu
Configured with: ../src/configure -v --with-pkgversion='Ubuntu 4.8.2-19ubuntu1' --with-bugurl=file:///usr/share/doc/gcc-4.8/README.Bugs --enable-languages=c,c++,java,go,d,fortran,objc,obj-c++ --prefix=/usr --program-suffix=-4.8 --enable-shared --enable-linker-build-id --libexecdir=/usr/lib --without-included-gettext --enable-threads=posix --with-gxx-include-dir=/usr/include/c++/4.8 --libdir=/usr/lib --enable-nls --with-sysroot=/ --enable-clocale=gnu --enable-libstdcxx-debug --enable-libstdcxx-time=yes --enable-gnu-unique-object --disable-libmudflap --enable-plugin --with-system-zlib --disable-browser-plugin --enable-java-awt=gtk --enable-gtk-cairo --with-java-home=/usr/lib/jvm/java-1.5.0-gcj-4.8-amd64/jre --enable-java-home --with-jvm-root-dir=/usr/lib/jvm/java-1.5.0-gcj-4.8-amd64 --with-jvm-jar-dir=/usr/lib/jvm-exports/java-1.5.0-gcj-4.8-amd64 --with-arch-directory=amd64 --with-ecj-jar=/usr/share/java/eclipse-ecj.jar --enable-objc-gc --enable-multiarch --disable-werror --with-arch-32=i686 --with-abi=m64 --with-multilib-list=m32,m64,mx32 --with-tune=generic --enable-checking=release --build=x86_64-linux-gnu --host=x86_64-linux-gnu --target=x86_64-linux-gnu
Thread model: posix
gcc version 4.8.2 (Ubuntu 4.8.2-19ubuntu1) 
COMPILER_PATH=/usr/lib/gcc/x86_64-linux-gnu/4.8/:/usr/lib/gcc/x86_64-linux-gnu/4.8/:/usr/lib/gcc/x86_64-linux-gnu/:/usr/lib/gcc/x86_64-linux-gnu/4.8/:/usr/lib/gcc/x86_64-linux-gnu/
LIBRARY_PATH=/usr/lib/gcc/x86_64-linux-gnu/4.8/:/usr/lib/gcc/x86_64-linux-gnu/4.8/../../../x86_64-linux-gnu/:/usr/lib/gcc/x86_64-linux-gnu/4.8/../../../../lib/:/lib/x86_64-linux-gnu/:/lib/../lib/:/usr/lib/x86_64-linux-gnu/:/usr/lib/../lib/:/usr/lib/gcc/x86_64-linux-gnu/4.8/../../../:/lib/:/usr/lib/
COLLECT_GCC_OPTIONS='-v' '-o' 'cmTryCompileExec53392092' '-rdynamic' '-mtune=generic' '-march=x86-64'
 /usr/lib/gcc/x86_64-linux-gnu/4.8/collect2 --sysroot=/ --build-id --eh-frame-hdr -m elf_x86_64 --hash-style=gnu --as-needed -export-dynamic -dynamic-linker /lib64/ld-linux-x86-64.so.2 -z relro -o cmTryCompileExec53392092 /usr/lib/gcc/x86_64-linux-gnu/4.8/../../../x86_64-linux-gnu/crt1.o /usr/lib/gcc/x86_64-linux-gnu/4.8/../../../x86_64-linux-gnu/crti.o /usr/lib/gcc/x86_64-linux-gnu/4.8/crtbegin.o -L/usr/lib/gcc/x86_64-linux-gnu/4.8 -L/usr/lib/gcc/x86_64-linux-gnu/4.8/../../../x86_64-linux-gnu -L/usr/lib/gcc/x86_64-linux-gnu/4.8/../../../../lib -L/lib/x86_64-linux-gnu -L/lib/../lib -L/usr/lib/x86_64-linux-gnu -L/usr/lib/../lib -L/usr/lib/gcc/x86_64-linux-gnu/4.8/../../.. CMakeFiles/cmTryCompileExec53392092.dir/CMakeCCompilerABI.c.o -lgcc --as-needed -lgcc_s --no-as-needed -lc -lgcc --as-needed -lgcc_s --no-as-needed /usr/lib/gcc/x86_64-linux-gnu/4.8/crtend.o /usr/lib/gcc/x86_64-linux-gnu/4.8/../../../x86_64-linux-gnu/crtn.o
make[1]: Leaving directory `/home/hyphen/.emacs.d/plugins/rtags/build/CMakeFiles/CMakeTmp'


Parsed C implicit link information from above output:
  link line regex: [^( *|.*[/\])(ld|([^/\]+-)?ld|collect2)[^/\]*( |$)]
  ignore line: [Change Dir: /home/hyphen/.emacs.d/plugins/rtags/build/CMakeFiles/CMakeTmp]
  ignore line: []
  ignore line: [Run Build Command:/usr/bin/make "cmTryCompileExec53392092/fast"]
  ignore line: [/usr/bin/make -f CMakeFiles/cmTryCompileExec53392092.dir/build.make CMakeFiles/cmTryCompileExec53392092.dir/build]
  ignore line: [make[1]: Entering directory `/home/hyphen/.emacs.d/plugins/rtags/build/CMakeFiles/CMakeTmp']
  ignore line: [/usr/bin/cmake -E cmake_progress_report /home/hyphen/.emacs.d/plugins/rtags/build/CMakeFiles/CMakeTmp/CMakeFiles 1]
  ignore line: [Building C object CMakeFiles/cmTryCompileExec53392092.dir/CMakeCCompilerABI.c.o]
  ignore line: [/usr/bin/cc    -o CMakeFiles/cmTryCompileExec53392092.dir/CMakeCCompilerABI.c.o   -c /usr/share/cmake-2.8/Modules/CMakeCCompilerABI.c]
  ignore line: [Linking C executable cmTryCompileExec53392092]
  ignore line: [/usr/bin/cmake -E cmake_link_script CMakeFiles/cmTryCompileExec53392092.dir/link.txt --verbose=1]
  ignore line: [/usr/bin/cc     -v CMakeFiles/cmTryCompileExec53392092.dir/CMakeCCompilerABI.c.o  -o cmTryCompileExec53392092 -rdynamic  ]
  ignore line: [Using built-in specs.]
  ignore line: [COLLECT_GCC=/usr/bin/cc]
  ignore line: [COLLECT_LTO_WRAPPER=/usr/lib/gcc/x86_64-linux-gnu/4.8/lto-wrapper]
  ignore line: [Target: x86_64-linux-gnu]
  ignore line: [Configured with: ../src/configure -v --with-pkgversion='Ubuntu 4.8.2-19ubuntu1' --with-bugurl=file:///usr/share/doc/gcc-4.8/README.Bugs --enable-languages=c,c++,java,go,d,fortran,objc,obj-c++ --prefix=/usr --program-suffix=-4.8 --enable-shared --enable-linker-build-id --libexecdir=/usr/lib --without-included-gettext --enable-threads=posix --with-gxx-include-dir=/usr/include/c++/4.8 --libdir=/usr/lib --enable-nls --with-sysroot=/ --enable-clocale=gnu --enable-libstdcxx-debug --enable-libstdcxx-time=yes --enable-gnu-unique-object --disable-libmudflap --enable-plugin --with-system-zlib --disable-browser-plugin --enable-java-awt=gtk --enable-gtk-cairo --with-java-home=/usr/lib/jvm/java-1.5.0-gcj-4.8-amd64/jre --enable-java-home --with-jvm-root-dir=/usr/lib/jvm/java-1.5.0-gcj-4.8-amd64 --with-jvm-jar-dir=/usr/lib/jvm-exports/java-1.5.0-gcj-4.8-amd64 --with-arch-directory=amd64 --with-ecj-jar=/usr/share/java/eclipse-ecj.jar --enable-objc-gc --enable-multiarch --disable-werror --with-arch-32=i686 --with-abi=m64 --with-multilib-list=m32,m64,mx32 --with-tune=generic --enable-checking=release --build=x86_64-linux-gnu --host=x86_64-linux-gnu --target=x86_64-linux-gnu]
  ignore line: [Thread model: posix]
  ignore line: [gcc version 4.8.2 (Ubuntu 4.8.2-19ubuntu1) ]
  ignore line: [COMPILER_PATH=/usr/lib/gcc/x86_64-linux-gnu/4.8/:/usr/lib/gcc/x86_64-linux-gnu/4.8/:/usr/lib/gcc/x86_64-linux-gnu/:/usr/lib/gcc/x86_64-linux-gnu/4.8/:/usr/lib/gcc/x86_64-linux-gnu/]
  ignore line: [LIBRARY_PATH=/usr/lib/gcc/x86_64-linux-gnu/4.8/:/usr/lib/gcc/x86_64-linux-gnu/4.8/../../../x86_64-linux-gnu/:/usr/lib/gcc/x86_64-linux-gnu/4.8/../../../../lib/:/lib/x86_64-linux-gnu/:/lib/../lib/:/usr/lib/x86_64-linux-gnu/:/usr/lib/../lib/:/usr/lib/gcc/x86_64-linux-gnu/4.8/../../../:/lib/:/usr/lib/]
  ignore line: [COLLECT_GCC_OPTIONS='-v' '-o' 'cmTryCompileExec53392092' '-rdynamic' '-mtune=generic' '-march=x86-64']
  link line: [ /usr/lib/gcc/x86_64-linux-gnu/4.8/collect2 --sysroot=/ --build-id --eh-frame-hdr -m elf_x86_64 --hash-style=gnu --as-needed -export-dynamic -dynamic-linker /lib64/ld-linux-x86-64.so.2 -z relro -o cmTryCompileExec53392092 /usr/lib/gcc/x86_64-linux-gnu/4.8/../../../x86_64-linux-gnu/crt1.o /usr/lib/gcc/x86_64-linux-gnu/4.8/../../../x86_64-linux-gnu/crti.o /usr/lib/gcc/x86_64-linux-gnu/4.8/crtbegin.o -L/usr/lib/gcc/x86_64-linux-gnu/4.8 -L/usr/lib/gcc/x86_64-linux-gnu/4.8/../../../x86_64-linux-gnu -L/usr/lib/gcc/x86_64-linux-gnu/4.8/../../../../lib -L/lib/x86_64-linux-gnu -L/lib/../lib -L/usr/lib/x86_64-linux-gnu -L/usr/lib/../lib -L/usr/lib/gcc/x86_64-linux-gnu/4.8/../../.. CMakeFiles/cmTryCompileExec53392092.dir/CMakeCCompilerABI.c.o -lgcc --as-needed -lgcc_s --no-as-needed -lc -lgcc --as-needed -lgcc_s --no-as-needed /usr/lib/gcc/x86_64-linux-gnu/4.8/crtend.o /usr/lib/gcc/x86_64-linux-gnu/4.8/../../../x86_64-linux-gnu/crtn.o]
    arg [/usr/lib/gcc/x86_64-linux-gnu/4.8/collect2] ==> ignore
    arg [--sysroot=/] ==> ignore
    arg [--build-id] ==> ignore
    arg [--eh-frame-hdr] ==> ignore
    arg [-m] ==> ignore
    arg [elf_x86_64] ==> ignore
    arg [--hash-style=gnu] ==> ignore
    arg [--as-needed] ==> ignore
    arg [-export-dynamic] ==> ignore
    arg [-dynamic-linker] ==> ignore
    arg [/lib64/ld-linux-x86-64.so.2] ==> ignore
    arg [-zrelro] ==> ignore
    arg [-o] ==> ignore
    arg [cmTryCompileExec53392092] ==> ignore
    arg [/usr/lib/gcc/x86_64-linux-gnu/4.8/../../../x86_64-linux-gnu/crt1.o] ==> ignore
    arg [/usr/lib/gcc/x86_64-linux-gnu/4.8/../../../x86_64-linux-gnu/crti.o] ==> ignore
    arg [/usr/lib/gcc/x86_64-linux-gnu/4.8/crtbegin.o] ==> ignore
    arg [-L/usr/lib/gcc/x86_64-linux-gnu/4.8] ==> dir [/usr/lib/gcc/x86_64-linux-gnu/4.8]
    arg [-L/usr/lib/gcc/x86_64-linux-gnu/4.8/../../../x86_64-linux-gnu] ==> dir [/usr/lib/gcc/x86_64-linux-gnu/4.8/../../../x86_64-linux-gnu]
    arg [-L/usr/lib/gcc/x86_64-linux-gnu/4.8/../../../../lib] ==> dir [/usr/lib/gcc/x86_64-linux-gnu/4.8/../../../../lib]
    arg [-L/lib/x86_64-linux-gnu] ==> dir [/lib/x86_64-linux-gnu]
    arg [-L/lib/../lib] ==> dir [/lib/../lib]
    arg [-L/usr/lib/x86_64-linux-gnu] ==> dir [/usr/lib/x86_64-linux-gnu]
    arg [-L/usr/lib/../lib] ==> dir [/usr/lib/../lib]
    arg [-L/usr/lib/gcc/x86_64-linux-gnu/4.8/../../..] ==> dir [/usr/lib/gcc/x86_64-linux-gnu/4.8/../../..]
    arg [CMakeFiles/cmTryCompileExec53392092.dir/CMakeCCompilerABI.c.o] ==> ignore
    arg [-lgcc] ==> lib [gcc]
    arg [--as-needed] ==> ignore
    arg [-lgcc_s] ==> lib [gcc_s]
    arg [--no-as-needed] ==> ignore
    arg [-lc] ==> lib [c]
    arg [-lgcc] ==> lib [gcc]
    arg [--as-needed] ==> ignore
    arg [-lgcc_s] ==> lib [gcc_s]
    arg [--no-as-needed] ==> ignore
    arg [/usr/lib/gcc/x86_64-linux-gnu/4.8/crtend.o] ==> ignore
    arg [/usr/lib/gcc/x86_64-linux-gnu/4.8/../../../x86_64-linux-gnu/crtn.o] ==> ignore
  remove lib [gcc]
  remove lib [gcc_s]
  remove lib [gcc]
  remove lib [gcc_s]
  collapse library dir [/usr/lib/gcc/x86_64-linux-gnu/4.8] ==> [/usr/lib/gcc/x86_64-linux-gnu/4.8]
  collapse library dir [/usr/lib/gcc/x86_64-linux-gnu/4.8/../../../x86_64-linux-gnu] ==> [/usr/lib/x86_64-linux-gnu]
  collapse library dir [/usr/lib/gcc/x86_64-linux-gnu/4.8/../../../../lib] ==> [/usr/lib]
  collapse library dir [/lib/x86_64-linux-gnu] ==> [/lib/x86_64-linux-gnu]
  collapse library dir [/lib/../lib] ==> [/lib]
  collapse library dir [/usr/lib/x86_64-linux-gnu] ==> [/usr/lib/x86_64-linux-gnu]
  collapse library dir [/usr/lib/../lib] ==> [/usr/lib]
  collapse library dir [/usr/lib/gcc/x86_64-linux-gnu/4.8/../../..] ==> [/usr/lib]
  implicit libs: [c]
  implicit dirs: [/usr/lib/gcc/x86_64-linux-gnu/4.8;/usr/lib/x86_64-linux-gnu;/usr/lib;/lib/x86_64-linux-gnu;/lib]
  implicit fwks: []


Determining if the CXX compiler works passed with the following output:
Change Dir: /home/hyphen/.emacs.d/plugins/rtags/build/CMakeFiles/CMakeTmp

Run Build Command:/usr/bin/make "cmTryCompileExec1052887661/fast"
/usr/bin/make -f CMakeFiles/cmTryCompileExec1052887661.dir/build.make CMakeFiles/cmTryCompileExec1052887661.dir/build
make[1]: Entering directory `/home/hyphen/.emacs.d/plugins/rtags/build/CMakeFiles/CMakeTmp'
/usr/bin/cmake -E cmake_progress_report /home/hyphen/.emacs.d/plugins/rtags/build/CMakeFiles/CMakeTmp/CMakeFiles 1
Building CXX object CMakeFiles/cmTryCompileExec1052887661.dir/testCXXCompiler.cxx.o
/usr/bin/c++     -o CMakeFiles/cmTryCompileExec1052887661.dir/testCXXCompiler.cxx.o -c /home/hyphen/.emacs.d/plugins/rtags/build/CMakeFiles/CMakeTmp/testCXXCompiler.cxx
Linking CXX executable cmTryCompileExec1052887661
/usr/bin/cmake -E cmake_link_script CMakeFiles/cmTryCompileExec1052887661.dir/link.txt --verbose=1
/usr/bin/c++        CMakeFiles/cmTryCompileExec1052887661.dir/testCXXCompiler.cxx.o  -o cmTryCompileExec1052887661 -rdynamic 
make[1]: Leaving directory `/home/hyphen/.emacs.d/plugins/rtags/build/CMakeFiles/CMakeTmp'


Detecting CXX compiler ABI info compiled with the following output:
Change Dir: /home/hyphen/.emacs.d/plugins/rtags/build/CMakeFiles/CMakeTmp

Run Build Command:/usr/bin/make "cmTryCompileExec684153486/fast"
/usr/bin/make -f CMakeFiles/cmTryCompileExec684153486.dir/build.make CMakeFiles/cmTryCompileExec684153486.dir/build
make[1]: Entering directory `/home/hyphen/.emacs.d/plugins/rtags/build/CMakeFiles/CMakeTmp'
/usr/bin/cmake -E cmake_progress_report /home/hyphen/.emacs.d/plugins/rtags/build/CMakeFiles/CMakeTmp/CMakeFiles 1
Building CXX object CMakeFiles/cmTryCompileExec684153486.dir/CMakeCXXCompilerABI.cpp.o
/usr/bin/c++     -o CMakeFiles/cmTryCompileExec684153486.dir/CMakeCXXCompilerABI.cpp.o -c /usr/share/cmake-2.8/Modules/CMakeCXXCompilerABI.cpp
Linking CXX executable cmTryCompileExec684153486
/usr/bin/cmake -E cmake_link_script CMakeFiles/cmTryCompileExec684153486.dir/link.txt --verbose=1
/usr/bin/c++      -v CMakeFiles/cmTryCompileExec684153486.dir/CMakeCXXCompilerABI.cpp.o  -o cmTryCompileExec684153486 -rdynamic  
Using built-in specs.
COLLECT_GCC=/usr/bin/c++
COLLECT_LTO_WRAPPER=/usr/lib/gcc/x86_64-linux-gnu/4.8/lto-wrapper
Target: x86_64-linux-gnu
Configured with: ../src/configure -v --with-pkgversion='Ubuntu 4.8.2-19ubuntu1' --with-bugurl=file:///usr/share/doc/gcc-4.8/README.Bugs --enable-languages=c,c++,java,go,d,fortran,objc,obj-c++ --prefix=/usr --program-suffix=-4.8 --enable-shared --enable-linker-build-id --libexecdir=/usr/lib --without-included-gettext --enable-threads=posix --with-gxx-include-dir=/usr/include/c++/4.8 --libdir=/usr/lib --enable-nls --with-sysroot=/ --enable-clocale=gnu --enable-libstdcxx-debug --enable-libstdcxx-time=yes --enable-gnu-unique-object --disable-libmudflap --enable-plugin --with-system-zlib --disable-browser-plugin --enable-java-awt=gtk --enable-gtk-cairo --with-java-home=/usr/lib/jvm/java-1.5.0-gcj-4.8-amd64/jre --enable-java-home --with-jvm-root-dir=/usr/lib/jvm/java-1.5.0-gcj-4.8-amd64 --with-jvm-jar-dir=/usr/lib/jvm-exports/java-1.5.0-gcj-4.8-amd64 --with-arch-directory=amd64 --with-ecj-jar=/usr/share/java/eclipse-ecj.jar --enable-objc-gc --enable-multiarch --disable-werror --with-arch-32=i686 --with-abi=m64 --with-multilib-list=m32,m64,mx32 --with-tune=generic --enable-checking=release --build=x86_64-linux-gnu --host=x86_64-linux-gnu --target=x86_64-linux-gnu
Thread model: posix
gcc version 4.8.2 (Ubuntu 4.8.2-19ubuntu1) 
COMPILER_PATH=/usr/lib/gcc/x86_64-linux-gnu/4.8/:/usr/lib/gcc/x86_64-linux-gnu/4.8/:/usr/lib/gcc/x86_64-linux-gnu/:/usr/lib/gcc/x86_64-linux-gnu/4.8/:/usr/lib/gcc/x86_64-linux-gnu/
LIBRARY_PATH=/usr/lib/gcc/x86_64-linux-gnu/4.8/:/usr/lib/gcc/x86_64-linux-gnu/4.8/../../../x86_64-linux-gnu/:/usr/lib/gcc/x86_64-linux-gnu/4.8/../../../../lib/:/lib/x86_64-linux-gnu/:/lib/../lib/:/usr/lib/x86_64-linux-gnu/:/usr/lib/../lib/:/usr/lib/gcc/x86_64-linux-gnu/4.8/../../../:/lib/:/usr/lib/
COLLECT_GCC_OPTIONS='-v' '-o' 'cmTryCompileExec684153486' '-rdynamic' '-shared-libgcc' '-mtune=generic' '-march=x86-64'
 /usr/lib/gcc/x86_64-linux-gnu/4.8/collect2 --sysroot=/ --build-id --eh-frame-hdr -m elf_x86_64 --hash-style=gnu --as-needed -export-dynamic -dynamic-linker /lib64/ld-linux-x86-64.so.2 -z relro -o cmTryCompileExec684153486 /usr/lib/gcc/x86_64-linux-gnu/4.8/../../../x86_64-linux-gnu/crt1.o /usr/lib/gcc/x86_64-linux-gnu/4.8/../../../x86_64-linux-gnu/crti.o /usr/lib/gcc/x86_64-linux-gnu/4.8/crtbegin.o -L/usr/lib/gcc/x86_64-linux-gnu/4.8 -L/usr/lib/gcc/x86_64-linux-gnu/4.8/../../../x86_64-linux-gnu -L/usr/lib/gcc/x86_64-linux-gnu/4.8/../../../../lib -L/lib/x86_64-linux-gnu -L/lib/../lib -L/usr/lib/x86_64-linux-gnu -L/usr/lib/../lib -L/usr/lib/gcc/x86_64-linux-gnu/4.8/../../.. CMakeFiles/cmTryCompileExec684153486.dir/CMakeCXXCompilerABI.cpp.o -lstdc++ -lm -lgcc_s -lgcc -lc -lgcc_s -lgcc /usr/lib/gcc/x86_64-linux-gnu/4.8/crtend.o /usr/lib/gcc/x86_64-linux-gnu/4.8/../../../x86_64-linux-gnu/crtn.o
make[1]: Leaving directory `/home/hyphen/.emacs.d/plugins/rtags/build/CMakeFiles/CMakeTmp'


Parsed CXX implicit link information from above output:
  link line regex: [^( *|.*[/\])(ld|([^/\]+-)?ld|collect2)[^/\]*( |$)]
  ignore line: [Change Dir: /home/hyphen/.emacs.d/plugins/rtags/build/CMakeFiles/CMakeTmp]
  ignore line: []
  ignore line: [Run Build Command:/usr/bin/make "cmTryCompileExec684153486/fast"]
  ignore line: [/usr/bin/make -f CMakeFiles/cmTryCompileExec684153486.dir/build.make CMakeFiles/cmTryCompileExec684153486.dir/build]
  ignore line: [make[1]: Entering directory `/home/hyphen/.emacs.d/plugins/rtags/build/CMakeFiles/CMakeTmp']
  ignore line: [/usr/bin/cmake -E cmake_progress_report /home/hyphen/.emacs.d/plugins/rtags/build/CMakeFiles/CMakeTmp/CMakeFiles 1]
  ignore line: [Building CXX object CMakeFiles/cmTryCompileExec684153486.dir/CMakeCXXCompilerABI.cpp.o]
  ignore line: [/usr/bin/c++     -o CMakeFiles/cmTryCompileExec684153486.dir/CMakeCXXCompilerABI.cpp.o -c /usr/share/cmake-2.8/Modules/CMakeCXXCompilerABI.cpp]
  ignore line: [Linking CXX executable cmTryCompileExec684153486]
  ignore line: [/usr/bin/cmake -E cmake_link_script CMakeFiles/cmTryCompileExec684153486.dir/link.txt --verbose=1]
  ignore line: [/usr/bin/c++      -v CMakeFiles/cmTryCompileExec684153486.dir/CMakeCXXCompilerABI.cpp.o  -o cmTryCompileExec684153486 -rdynamic  ]
  ignore line: [Using built-in specs.]
  ignore line: [COLLECT_GCC=/usr/bin/c++]
  ignore line: [COLLECT_LTO_WRAPPER=/usr/lib/gcc/x86_64-linux-gnu/4.8/lto-wrapper]
  ignore line: [Target: x86_64-linux-gnu]
  ignore line: [Configured with: ../src/configure -v --with-pkgversion='Ubuntu 4.8.2-19ubuntu1' --with-bugurl=file:///usr/share/doc/gcc-4.8/README.Bugs --enable-languages=c,c++,java,go,d,fortran,objc,obj-c++ --prefix=/usr --program-suffix=-4.8 --enable-shared --enable-linker-build-id --libexecdir=/usr/lib --without-included-gettext --enable-threads=posix --with-gxx-include-dir=/usr/include/c++/4.8 --libdir=/usr/lib --enable-nls --with-sysroot=/ --enable-clocale=gnu --enable-libstdcxx-debug --enable-libstdcxx-time=yes --enable-gnu-unique-object --disable-libmudflap --enable-plugin --with-system-zlib --disable-browser-plugin --enable-java-awt=gtk --enable-gtk-cairo --with-java-home=/usr/lib/jvm/java-1.5.0-gcj-4.8-amd64/jre --enable-java-home --with-jvm-root-dir=/usr/lib/jvm/java-1.5.0-gcj-4.8-amd64 --with-jvm-jar-dir=/usr/lib/jvm-exports/java-1.5.0-gcj-4.8-amd64 --with-arch-directory=amd64 --with-ecj-jar=/usr/share/java/eclipse-ecj.jar --enable-objc-gc --enable-multiarch --disable-werror --with-arch-32=i686 --with-abi=m64 --with-multilib-list=m32,m64,mx32 --with-tune=generic --enable-checking=release --build=x86_64-linux-gnu --host=x86_64-linux-gnu --target=x86_64-linux-gnu]
  ignore line: [Thread model: posix]
  ignore line: [gcc version 4.8.2 (Ubuntu 4.8.2-19ubuntu1) ]
  ignore line: [COMPILER_PATH=/usr/lib/gcc/x86_64-linux-gnu/4.8/:/usr/lib/gcc/x86_64-linux-gnu/4.8/:/usr/lib/gcc/x86_64-linux-gnu/:/usr/lib/gcc/x86_64-linux-gnu/4.8/:/usr/lib/gcc/x86_64-linux-gnu/]
  ignore line: [LIBRARY_PATH=/usr/lib/gcc/x86_64-linux-gnu/4.8/:/usr/lib/gcc/x86_64-linux-gnu/4.8/../../../x86_64-linux-gnu/:/usr/lib/gcc/x86_64-linux-gnu/4.8/../../../../lib/:/lib/x86_64-linux-gnu/:/lib/../lib/:/usr/lib/x86_64-linux-gnu/:/usr/lib/../lib/:/usr/lib/gcc/x86_64-linux-gnu/4.8/../../../:/lib/:/usr/lib/]
  ignore line: [COLLECT_GCC_OPTIONS='-v' '-o' 'cmTryCompileExec684153486' '-rdynamic' '-shared-libgcc' '-mtune=generic' '-march=x86-64']
  link line: [ /usr/lib/gcc/x86_64-linux-gnu/4.8/collect2 --sysroot=/ --build-id --eh-frame-hdr -m elf_x86_64 --hash-style=gnu --as-needed -export-dynamic -dynamic-linker /lib64/ld-linux-x86-64.so.2 -z relro -o cmTryCompileExec684153486 /usr/lib/gcc/x86_64-linux-gnu/4.8/../../../x86_64-linux-gnu/crt1.o /usr/lib/gcc/x86_64-linux-gnu/4.8/../../../x86_64-linux-gnu/crti.o /usr/lib/gcc/x86_64-linux-gnu/4.8/crtbegin.o -L/usr/lib/gcc/x86_64-linux-gnu/4.8 -L/usr/lib/gcc/x86_64-linux-gnu/4.8/../../../x86_64-linux-gnu -L/usr/lib/gcc/x86_64-linux-gnu/4.8/../../../../lib -L/lib/x86_64-linux-gnu -L/lib/../lib -L/usr/lib/x86_64-linux-gnu -L/usr/lib/../lib -L/usr/lib/gcc/x86_64-linux-gnu/4.8/../../.. CMakeFiles/cmTryCompileExec684153486.dir/CMakeCXXCompilerABI.cpp.o -lstdc++ -lm -lgcc_s -lgcc -lc -lgcc_s -lgcc /usr/lib/gcc/x86_64-linux-gnu/4.8/crtend.o /usr/lib/gcc/x86_64-linux-gnu/4.8/../../../x86_64-linux-gnu/crtn.o]
    arg [/usr/lib/gcc/x86_64-linux-gnu/4.8/collect2] ==> ignore
    arg [--sysroot=/] ==> ignore
    arg [--build-id] ==> ignore
    arg [--eh-frame-hdr] ==> ignore
    arg [-m] ==> ignore
    arg [elf_x86_64] ==> ignore
    arg [--hash-style=gnu] ==> ignore
    arg [--as-needed] ==> ignore
    arg [-export-dynamic] ==> ignore
    arg [-dynamic-linker] ==> ignore
    arg [/lib64/ld-linux-x86-64.so.2] ==> ignore
    arg [-zrelro] ==> ignore
    arg [-o] ==> ignore
    arg [cmTryCompileExec684153486] ==> ignore
    arg [/usr/lib/gcc/x86_64-linux-gnu/4.8/../../../x86_64-linux-gnu/crt1.o] ==> ignore
    arg [/usr/lib/gcc/x86_64-linux-gnu/4.8/../../../x86_64-linux-gnu/crti.o] ==> ignore
    arg [/usr/lib/gcc/x86_64-linux-gnu/4.8/crtbegin.o] ==> ignore
    arg [-L/usr/lib/gcc/x86_64-linux-gnu/4.8] ==> dir [/usr/lib/gcc/x86_64-linux-gnu/4.8]
    arg [-L/usr/lib/gcc/x86_64-linux-gnu/4.8/../../../x86_64-linux-gnu] ==> dir [/usr/lib/gcc/x86_64-linux-gnu/4.8/../../../x86_64-linux-gnu]
    arg [-L/usr/lib/gcc/x86_64-linux-gnu/4.8/../../../../lib] ==> dir [/usr/lib/gcc/x86_64-linux-gnu/4.8/../../../../lib]
    arg [-L/lib/x86_64-linux-gnu] ==> dir [/lib/x86_64-linux-gnu]
    arg [-L/lib/../lib] ==> dir [/lib/../lib]
    arg [-L/usr/lib/x86_64-linux-gnu] ==> dir [/usr/lib/x86_64-linux-gnu]
    arg [-L/usr/lib/../lib] ==> dir [/usr/lib/../lib]
    arg [-L/usr/lib/gcc/x86_64-linux-gnu/4.8/../../..] ==> dir [/usr/lib/gcc/x86_64-linux-gnu/4.8/../../..]
    arg [CMakeFiles/cmTryCompileExec684153486.dir/CMakeCXXCompilerABI.cpp.o] ==> ignore
    arg [-lstdc++] ==> lib [stdc++]
    arg [-lm] ==> lib [m]
    arg [-lgcc_s] ==> lib [gcc_s]
    arg [-lgcc] ==> lib [gcc]
    arg [-lc] ==> lib [c]
    arg [-lgcc_s] ==> lib [gcc_s]
    arg [-lgcc] ==> lib [gcc]
    arg [/usr/lib/gcc/x86_64-linux-gnu/4.8/crtend.o] ==> ignore
    arg [/usr/lib/gcc/x86_64-linux-gnu/4.8/../../../x86_64-linux-gnu/crtn.o] ==> ignore
  remove lib [gcc_s]
  remove lib [gcc]
  remove lib [gcc_s]
  remove lib [gcc]
  collapse library dir [/usr/lib/gcc/x86_64-linux-gnu/4.8] ==> [/usr/lib/gcc/x86_64-linux-gnu/4.8]
  collapse library dir [/usr/lib/gcc/x86_64-linux-gnu/4.8/../../../x86_64-linux-gnu] ==> [/usr/lib/x86_64-linux-gnu]
  collapse library dir [/usr/lib/gcc/x86_64-linux-gnu/4.8/../../../../lib] ==> [/usr/lib]
  collapse library dir [/lib/x86_64-linux-gnu] ==> [/lib/x86_64-linux-gnu]
  collapse library dir [/lib/../lib] ==> [/lib]
  collapse library dir [/usr/lib/x86_64-linux-gnu] ==> [/usr/lib/x86_64-linux-gnu]
  collapse library dir [/usr/lib/../lib] ==> [/usr/lib]
  collapse library dir [/usr/lib/gcc/x86_64-linux-gnu/4.8/../../..] ==> [/usr/lib]
  implicit libs: [stdc++;m;c]
  implicit dirs: [/usr/lib/gcc/x86_64-linux-gnu/4.8;/usr/lib/x86_64-linux-gnu;/usr/lib;/lib/x86_64-linux-gnu;/lib]
  implicit fwks: []


Determining if the backtrace exist passed with the following output:
Change Dir: /home/hyphen/.emacs.d/plugins/rtags/build/CMakeFiles/CMakeTmp

Run Build Command:/usr/bin/make "cmTryCompileExec2110580229/fast"
/usr/bin/make -f CMakeFiles/cmTryCompileExec2110580229.dir/build.make CMakeFiles/cmTryCompileExec2110580229.dir/build
make[1]: Entering directory `/home/hyphen/.emacs.d/plugins/rtags/build/CMakeFiles/CMakeTmp'
/usr/bin/cmake -E cmake_progress_report /home/hyphen/.emacs.d/plugins/rtags/build/CMakeFiles/CMakeTmp/CMakeFiles 1
Building CXX object CMakeFiles/cmTryCompileExec2110580229.dir/CheckSymbolExists.cxx.o
/usr/bin/c++    -I/usr/lib/llvm-3.5/include  -DNDEBUG -D_GNU_SOURCE -D__STDC_CONSTANT_MACROS -D__STDC_FORMAT_MACROS -D__STDC_LIMIT_MACROS -g -O2 -fomit-frame-pointer -std=c++11 -fvisibility-inlines-hidden -fno-exceptions -fPIC -Woverloaded-virtual -ffunction-sections -fdata-sections -Wcast-qual -std=c++0x -fpic    -o CMakeFiles/cmTryCompileExec2110580229.dir/CheckSymbolExists.cxx.o -c /home/hyphen/.emacs.d/plugins/rtags/build/CMakeFiles/CMakeTmp/CheckSymbolExists.cxx
Linking CXX executable cmTryCompileExec2110580229
/usr/bin/cmake -E cmake_link_script CMakeFiles/cmTryCompileExec2110580229.dir/link.txt --verbose=1
/usr/bin/c++   -I/usr/lib/llvm-3.5/include  -DNDEBUG -D_GNU_SOURCE -D__STDC_CONSTANT_MACROS -D__STDC_FORMAT_MACROS -D__STDC_LIMIT_MACROS -g -O2 -fomit-frame-pointer -std=c++11 -fvisibility-inlines-hidden -fno-exceptions -fPIC -Woverloaded-virtual -ffunction-sections -fdata-sections -Wcast-qual -std=c++0x -fpic     CMakeFiles/cmTryCompileExec2110580229.dir/CheckSymbolExists.cxx.o  -o cmTryCompileExec2110580229 -rdynamic 
make[1]: Leaving directory `/home/hyphen/.emacs.d/plugins/rtags/build/CMakeFiles/CMakeTmp'

File /home/hyphen/.emacs.d/plugins/rtags/build/CMakeFiles/CMakeTmp/CheckSymbolExists.cxx:
/* */
#include <execinfo.h>

int main(int argc, char** argv)
{
  (void)argv;
#ifndef backtrace
  return ((int*)(&backtrace))[argc];
#else
  (void)argc;
  return 0;
#endif
}

Determining if the CLOCK_MONOTONIC_RAW exist passed with the following output:
Change Dir: /home/hyphen/.emacs.d/plugins/rtags/build/CMakeFiles/CMakeTmp

Run Build Command:/usr/bin/make "cmTryCompileExec51749521/fast"
/usr/bin/make -f CMakeFiles/cmTryCompileExec51749521.dir/build.make CMakeFiles/cmTryCompileExec51749521.dir/build
make[1]: Entering directory `/home/hyphen/.emacs.d/plugins/rtags/build/CMakeFiles/CMakeTmp'
/usr/bin/cmake -E cmake_progress_report /home/hyphen/.emacs.d/plugins/rtags/build/CMakeFiles/CMakeTmp/CMakeFiles 1
Building CXX object CMakeFiles/cmTryCompileExec51749521.dir/CheckSymbolExists.cxx.o
/usr/bin/c++    -I/usr/lib/llvm-3.5/include  -DNDEBUG -D_GNU_SOURCE -D__STDC_CONSTANT_MACROS -D__STDC_FORMAT_MACROS -D__STDC_LIMIT_MACROS -g -O2 -fomit-frame-pointer -std=c++11 -fvisibility-inlines-hidden -fno-exceptions -fPIC -Woverloaded-virtual -ffunction-sections -fdata-sections -Wcast-qual -std=c++0x -fpic    -o CMakeFiles/cmTryCompileExec51749521.dir/CheckSymbolExists.cxx.o -c /home/hyphen/.emacs.d/plugins/rtags/build/CMakeFiles/CMakeTmp/CheckSymbolExists.cxx
Linking CXX executable cmTryCompileExec51749521
/usr/bin/cmake -E cmake_link_script CMakeFiles/cmTryCompileExec51749521.dir/link.txt --verbose=1
/usr/bin/c++   -I/usr/lib/llvm-3.5/include  -DNDEBUG -D_GNU_SOURCE -D__STDC_CONSTANT_MACROS -D__STDC_FORMAT_MACROS -D__STDC_LIMIT_MACROS -g -O2 -fomit-frame-pointer -std=c++11 -fvisibility-inlines-hidden -fno-exceptions -fPIC -Woverloaded-virtual -ffunction-sections -fdata-sections -Wcast-qual -std=c++0x -fpic     CMakeFiles/cmTryCompileExec51749521.dir/CheckSymbolExists.cxx.o  -o cmTryCompileExec51749521 -rdynamic 
make[1]: Leaving directory `/home/hyphen/.emacs.d/plugins/rtags/build/CMakeFiles/CMakeTmp'

File /home/hyphen/.emacs.d/plugins/rtags/build/CMakeFiles/CMakeTmp/CheckSymbolExists.cxx:
/* */
#include <time.h>

int main(int argc, char** argv)
{
  (void)argv;
#ifndef CLOCK_MONOTONIC_RAW
  return ((int*)(&CLOCK_MONOTONIC_RAW))[argc];
#else
  (void)argc;
  return 0;
#endif
}

Determining if the CLOCK_MONOTONIC exist passed with the following output:
Change Dir: /home/hyphen/.emacs.d/plugins/rtags/build/CMakeFiles/CMakeTmp

Run Build Command:/usr/bin/make "cmTryCompileExec2349044023/fast"
/usr/bin/make -f CMakeFiles/cmTryCompileExec2349044023.dir/build.make CMakeFiles/cmTryCompileExec2349044023.dir/build
make[1]: Entering directory `/home/hyphen/.emacs.d/plugins/rtags/build/CMakeFiles/CMakeTmp'
/usr/bin/cmake -E cmake_progress_report /home/hyphen/.emacs.d/plugins/rtags/build/CMakeFiles/CMakeTmp/CMakeFiles 1
Building CXX object CMakeFiles/cmTryCompileExec2349044023.dir/CheckSymbolExists.cxx.o
/usr/bin/c++    -I/usr/lib/llvm-3.5/include  -DNDEBUG -D_GNU_SOURCE -D__STDC_CONSTANT_MACROS -D__STDC_FORMAT_MACROS -D__STDC_LIMIT_MACROS -g -O2 -fomit-frame-pointer -std=c++11 -fvisibility-inlines-hidden -fno-exceptions -fPIC -Woverloaded-virtual -ffunction-sections -fdata-sections -Wcast-qual -std=c++0x -fpic    -o CMakeFiles/cmTryCompileExec2349044023.dir/CheckSymbolExists.cxx.o -c /home/hyphen/.emacs.d/plugins/rtags/build/CMakeFiles/CMakeTmp/CheckSymbolExists.cxx
Linking CXX executable cmTryCompileExec2349044023
/usr/bin/cmake -E cmake_link_script CMakeFiles/cmTryCompileExec2349044023.dir/link.txt --verbose=1
/usr/bin/c++   -I/usr/lib/llvm-3.5/include  -DNDEBUG -D_GNU_SOURCE -D__STDC_CONSTANT_MACROS -D__STDC_FORMAT_MACROS -D__STDC_LIMIT_MACROS -g -O2 -fomit-frame-pointer -std=c++11 -fvisibility-inlines-hidden -fno-exceptions -fPIC -Woverloaded-virtual -ffunction-sections -fdata-sections -Wcast-qual -std=c++0x -fpic     CMakeFiles/cmTryCompileExec2349044023.dir/CheckSymbolExists.cxx.o  -o cmTryCompileExec2349044023 -rdynamic 
make[1]: Leaving directory `/home/hyphen/.emacs.d/plugins/rtags/build/CMakeFiles/CMakeTmp'

File /home/hyphen/.emacs.d/plugins/rtags/build/CMakeFiles/CMakeTmp/CheckSymbolExists.cxx:
/* */
#include <time.h>

int main(int argc, char** argv)
{
  (void)argv;
#ifndef CLOCK_MONOTONIC
  return ((int*)(&CLOCK_MONOTONIC))[argc];
#else
  (void)argc;
  return 0;
#endif
}

Determining if the inotify_init exist passed with the following output:
Change Dir: /home/hyphen/.emacs.d/plugins/rtags/build/CMakeFiles/CMakeTmp

Run Build Command:/usr/bin/make "cmTryCompileExec3737870806/fast"
/usr/bin/make -f CMakeFiles/cmTryCompileExec3737870806.dir/build.make CMakeFiles/cmTryCompileExec3737870806.dir/build
make[1]: Entering directory `/home/hyphen/.emacs.d/plugins/rtags/build/CMakeFiles/CMakeTmp'
/usr/bin/cmake -E cmake_progress_report /home/hyphen/.emacs.d/plugins/rtags/build/CMakeFiles/CMakeTmp/CMakeFiles 1
Building CXX object CMakeFiles/cmTryCompileExec3737870806.dir/CheckSymbolExists.cxx.o
/usr/bin/c++    -I/usr/lib/llvm-3.5/include  -DNDEBUG -D_GNU_SOURCE -D__STDC_CONSTANT_MACROS -D__STDC_FORMAT_MACROS -D__STDC_LIMIT_MACROS -g -O2 -fomit-frame-pointer -std=c++11 -fvisibility-inlines-hidden -fno-exceptions -fPIC -Woverloaded-virtual -ffunction-sections -fdata-sections -Wcast-qual -std=c++0x -fpic    -o CMakeFiles/cmTryCompileExec3737870806.dir/CheckSymbolExists.cxx.o -c /home/hyphen/.emacs.d/plugins/rtags/build/CMakeFiles/CMakeTmp/CheckSymbolExists.cxx
Linking CXX executable cmTryCompileExec3737870806
/usr/bin/cmake -E cmake_link_script CMakeFiles/cmTryCompileExec3737870806.dir/link.txt --verbose=1
/usr/bin/c++   -I/usr/lib/llvm-3.5/include  -DNDEBUG -D_GNU_SOURCE -D__STDC_CONSTANT_MACROS -D__STDC_FORMAT_MACROS -D__STDC_LIMIT_MACROS -g -O2 -fomit-frame-pointer -std=c++11 -fvisibility-inlines-hidden -fno-exceptions -fPIC -Woverloaded-virtual -ffunction-sections -fdata-sections -Wcast-qual -std=c++0x -fpic     CMakeFiles/cmTryCompileExec3737870806.dir/CheckSymbolExists.cxx.o  -o cmTryCompileExec3737870806 -rdynamic 
make[1]: Leaving directory `/home/hyphen/.emacs.d/plugins/rtags/build/CMakeFiles/CMakeTmp'

File /home/hyphen/.emacs.d/plugins/rtags/build/CMakeFiles/CMakeTmp/CheckSymbolExists.cxx:
/* */
#include <sys/inotify.h>

int main(int argc, char** argv)
{
  (void)argv;
#ifndef inotify_init
  return ((int*)(&inotify_init))[argc];
#else
  (void)argc;
  return 0;
#endif
}

Determining if the epoll_wait exist passed with the following output:
Change Dir: /home/hyphen/.emacs.d/plugins/rtags/build/CMakeFiles/CMakeTmp

Run Build Command:/usr/bin/make "cmTryCompileExec427496854/fast"
/usr/bin/make -f CMakeFiles/cmTryCompileExec427496854.dir/build.make CMakeFiles/cmTryCompileExec427496854.dir/build
make[1]: Entering directory `/home/hyphen/.emacs.d/plugins/rtags/build/CMakeFiles/CMakeTmp'
/usr/bin/cmake -E cmake_progress_report /home/hyphen/.emacs.d/plugins/rtags/build/CMakeFiles/CMakeTmp/CMakeFiles 1
Building CXX object CMakeFiles/cmTryCompileExec427496854.dir/CheckSymbolExists.cxx.o
/usr/bin/c++    -I/usr/lib/llvm-3.5/include  -DNDEBUG -D_GNU_SOURCE -D__STDC_CONSTANT_MACROS -D__STDC_FORMAT_MACROS -D__STDC_LIMIT_MACROS -g -O2 -fomit-frame-pointer -std=c++11 -fvisibility-inlines-hidden -fno-exceptions -fPIC -Woverloaded-virtual -ffunction-sections -fdata-sections -Wcast-qual -std=c++0x -fpic    -o CMakeFiles/cmTryCompileExec427496854.dir/CheckSymbolExists.cxx.o -c /home/hyphen/.emacs.d/plugins/rtags/build/CMakeFiles/CMakeTmp/CheckSymbolExists.cxx
Linking CXX executable cmTryCompileExec427496854
/usr/bin/cmake -E cmake_link_script CMakeFiles/cmTryCompileExec427496854.dir/link.txt --verbose=1
/usr/bin/c++   -I/usr/lib/llvm-3.5/include  -DNDEBUG -D_GNU_SOURCE -D__STDC_CONSTANT_MACROS -D__STDC_FORMAT_MACROS -D__STDC_LIMIT_MACROS -g -O2 -fomit-frame-pointer -std=c++11 -fvisibility-inlines-hidden -fno-exceptions -fPIC -Woverloaded-virtual -ffunction-sections -fdata-sections -Wcast-qual -std=c++0x -fpic     CMakeFiles/cmTryCompileExec427496854.dir/CheckSymbolExists.cxx.o  -o cmTryCompileExec427496854 -rdynamic 
make[1]: Leaving directory `/home/hyphen/.emacs.d/plugins/rtags/build/CMakeFiles/CMakeTmp'

File /home/hyphen/.emacs.d/plugins/rtags/build/CMakeFiles/CMakeTmp/CheckSymbolExists.cxx:
/* */
#include <sys/epoll.h>

int main(int argc, char** argv)
{
  (void)argv;
#ifndef epoll_wait
  return ((int*)(&epoll_wait))[argc];
#else
  (void)argc;
  return 0;
#endif
}

Determining if the select exist passed with the following output:
Change Dir: /home/hyphen/.emacs.d/plugins/rtags/build/CMakeFiles/CMakeTmp

Run Build Command:/usr/bin/make "cmTryCompileExec1563773755/fast"
/usr/bin/make -f CMakeFiles/cmTryCompileExec1563773755.dir/build.make CMakeFiles/cmTryCompileExec1563773755.dir/build
make[1]: Entering directory `/home/hyphen/.emacs.d/plugins/rtags/build/CMakeFiles/CMakeTmp'
/usr/bin/cmake -E cmake_progress_report /home/hyphen/.emacs.d/plugins/rtags/build/CMakeFiles/CMakeTmp/CMakeFiles 1
Building CXX object CMakeFiles/cmTryCompileExec1563773755.dir/CheckSymbolExists.cxx.o
/usr/bin/c++    -I/usr/lib/llvm-3.5/include  -DNDEBUG -D_GNU_SOURCE -D__STDC_CONSTANT_MACROS -D__STDC_FORMAT_MACROS -D__STDC_LIMIT_MACROS -g -O2 -fomit-frame-pointer -std=c++11 -fvisibility-inlines-hidden -fno-exceptions -fPIC -Woverloaded-virtual -ffunction-sections -fdata-sections -Wcast-qual -std=c++0x -fpic    -o CMakeFiles/cmTryCompileExec1563773755.dir/CheckSymbolExists.cxx.o -c /home/hyphen/.emacs.d/plugins/rtags/build/CMakeFiles/CMakeTmp/CheckSymbolExists.cxx
Linking CXX executable cmTryCompileExec1563773755
/usr/bin/cmake -E cmake_link_script CMakeFiles/cmTryCompileExec1563773755.dir/link.txt --verbose=1
/usr/bin/c++   -I/usr/lib/llvm-3.5/include  -DNDEBUG -D_GNU_SOURCE -D__STDC_CONSTANT_MACROS -D__STDC_FORMAT_MACROS -D__STDC_LIMIT_MACROS -g -O2 -fomit-frame-pointer -std=c++11 -fvisibility-inlines-hidden -fno-exceptions -fPIC -Woverloaded-virtual -ffunction-sections -fdata-sections -Wcast-qual -std=c++0x -fpic     CMakeFiles/cmTryCompileExec1563773755.dir/CheckSymbolExists.cxx.o  -o cmTryCompileExec1563773755 -rdynamic 
make[1]: Leaving directory `/home/hyphen/.emacs.d/plugins/rtags/build/CMakeFiles/CMakeTmp'

File /home/hyphen/.emacs.d/plugins/rtags/build/CMakeFiles/CMakeTmp/CheckSymbolExists.cxx:
/* */
#include <sys/select.h>

int main(int argc, char** argv)
{
  (void)argv;
#ifndef select
  return ((int*)(&select))[argc];
#else
  (void)argc;
  return 0;
#endif
}

Determining if the FD_CLOEXEC exist passed with the following output:
Change Dir: /home/hyphen/.emacs.d/plugins/rtags/build/CMakeFiles/CMakeTmp

Run Build Command:/usr/bin/make "cmTryCompileExec3548175458/fast"
/usr/bin/make -f CMakeFiles/cmTryCompileExec3548175458.dir/build.make CMakeFiles/cmTryCompileExec3548175458.dir/build
make[1]: Entering directory `/home/hyphen/.emacs.d/plugins/rtags/build/CMakeFiles/CMakeTmp'
/usr/bin/cmake -E cmake_progress_report /home/hyphen/.emacs.d/plugins/rtags/build/CMakeFiles/CMakeTmp/CMakeFiles 1
Building CXX object CMakeFiles/cmTryCompileExec3548175458.dir/CheckSymbolExists.cxx.o
/usr/bin/c++    -I/usr/lib/llvm-3.5/include  -DNDEBUG -D_GNU_SOURCE -D__STDC_CONSTANT_MACROS -D__STDC_FORMAT_MACROS -D__STDC_LIMIT_MACROS -g -O2 -fomit-frame-pointer -std=c++11 -fvisibility-inlines-hidden -fno-exceptions -fPIC -Woverloaded-virtual -ffunction-sections -fdata-sections -Wcast-qual -std=c++0x -fpic    -o CMakeFiles/cmTryCompileExec3548175458.dir/CheckSymbolExists.cxx.o -c /home/hyphen/.emacs.d/plugins/rtags/build/CMakeFiles/CMakeTmp/CheckSymbolExists.cxx
Linking CXX executable cmTryCompileExec3548175458
/usr/bin/cmake -E cmake_link_script CMakeFiles/cmTryCompileExec3548175458.dir/link.txt --verbose=1
/usr/bin/c++   -I/usr/lib/llvm-3.5/include  -DNDEBUG -D_GNU_SOURCE -D__STDC_CONSTANT_MACROS -D__STDC_FORMAT_MACROS -D__STDC_LIMIT_MACROS -g -O2 -fomit-frame-pointer -std=c++11 -fvisibility-inlines-hidden -fno-exceptions -fPIC -Woverloaded-virtual -ffunction-sections -fdata-sections -Wcast-qual -std=c++0x -fpic     CMakeFiles/cmTryCompileExec3548175458.dir/CheckSymbolExists.cxx.o  -o cmTryCompileExec3548175458 -rdynamic 
make[1]: Leaving directory `/home/hyphen/.emacs.d/plugins/rtags/build/CMakeFiles/CMakeTmp'

File /home/hyphen/.emacs.d/plugins/rtags/build/CMakeFiles/CMakeTmp/CheckSymbolExists.cxx:
/* */
#include <fcntl.h>

int main(int argc, char** argv)
{
  (void)argv;
#ifndef FD_CLOEXEC
  return ((int*)(&FD_CLOEXEC))[argc];
#else
  (void)argc;
  return 0;
#endif
}

Determining if the MSG_NOSIGNAL exist passed with the following output:
Change Dir: /home/hyphen/.emacs.d/plugins/rtags/build/CMakeFiles/CMakeTmp

Run Build Command:/usr/bin/make "cmTryCompileExec2758567144/fast"
/usr/bin/make -f CMakeFiles/cmTryCompileExec2758567144.dir/build.make CMakeFiles/cmTryCompileExec2758567144.dir/build
make[1]: Entering directory `/home/hyphen/.emacs.d/plugins/rtags/build/CMakeFiles/CMakeTmp'
/usr/bin/cmake -E cmake_progress_report /home/hyphen/.emacs.d/plugins/rtags/build/CMakeFiles/CMakeTmp/CMakeFiles 1
Building CXX object CMakeFiles/cmTryCompileExec2758567144.dir/CheckSymbolExists.cxx.o
/usr/bin/c++    -I/usr/lib/llvm-3.5/include  -DNDEBUG -D_GNU_SOURCE -D__STDC_CONSTANT_MACROS -D__STDC_FORMAT_MACROS -D__STDC_LIMIT_MACROS -g -O2 -fomit-frame-pointer -std=c++11 -fvisibility-inlines-hidden -fno-exceptions -fPIC -Woverloaded-virtual -ffunction-sections -fdata-sections -Wcast-qual -std=c++0x -fpic    -o CMakeFiles/cmTryCompileExec2758567144.dir/CheckSymbolExists.cxx.o -c /home/hyphen/.emacs.d/plugins/rtags/build/CMakeFiles/CMakeTmp/CheckSymbolExists.cxx
Linking CXX executable cmTryCompileExec2758567144
/usr/bin/cmake -E cmake_link_script CMakeFiles/cmTryCompileExec2758567144.dir/link.txt --verbose=1
/usr/bin/c++   -I/usr/lib/llvm-3.5/include  -DNDEBUG -D_GNU_SOURCE -D__STDC_CONSTANT_MACROS -D__STDC_FORMAT_MACROS -D__STDC_LIMIT_MACROS -g -O2 -fomit-frame-pointer -std=c++11 -fvisibility-inlines-hidden -fno-exceptions -fPIC -Woverloaded-virtual -ffunction-sections -fdata-sections -Wcast-qual -std=c++0x -fpic     CMakeFiles/cmTryCompileExec2758567144.dir/CheckSymbolExists.cxx.o  -o cmTryCompileExec2758567144 -rdynamic 
make[1]: Leaving directory `/home/hyphen/.emacs.d/plugins/rtags/build/CMakeFiles/CMakeTmp'

File /home/hyphen/.emacs.d/plugins/rtags/build/CMakeFiles/CMakeTmp/CheckSymbolExists.cxx:
/* */
#include <sys/types.h>
#include <sys/socket.h>

int main(int argc, char** argv)
{
  (void)argv;
#ifndef MSG_NOSIGNAL
  return ((int*)(&MSG_NOSIGNAL))[argc];
#else
  (void)argc;
  return 0;
#endif
}

Determining if the SCHED_IDLE exist passed with the following output:
Change Dir: /home/hyphen/.emacs.d/plugins/rtags/build/CMakeFiles/CMakeTmp

Run Build Command:/usr/bin/make "cmTryCompileExec753887743/fast"
/usr/bin/make -f CMakeFiles/cmTryCompileExec753887743.dir/build.make CMakeFiles/cmTryCompileExec753887743.dir/build
make[1]: Entering directory `/home/hyphen/.emacs.d/plugins/rtags/build/CMakeFiles/CMakeTmp'
/usr/bin/cmake -E cmake_progress_report /home/hyphen/.emacs.d/plugins/rtags/build/CMakeFiles/CMakeTmp/CMakeFiles 1
Building CXX object CMakeFiles/cmTryCompileExec753887743.dir/CheckSymbolExists.cxx.o
/usr/bin/c++    -I/usr/lib/llvm-3.5/include  -DNDEBUG -D_GNU_SOURCE -D__STDC_CONSTANT_MACROS -D__STDC_FORMAT_MACROS -D__STDC_LIMIT_MACROS -g -O2 -fomit-frame-pointer -std=c++11 -fvisibility-inlines-hidden -fno-exceptions -fPIC -Woverloaded-virtual -ffunction-sections -fdata-sections -Wcast-qual -std=c++0x -fpic    -o CMakeFiles/cmTryCompileExec753887743.dir/CheckSymbolExists.cxx.o -c /home/hyphen/.emacs.d/plugins/rtags/build/CMakeFiles/CMakeTmp/CheckSymbolExists.cxx
Linking CXX executable cmTryCompileExec753887743
/usr/bin/cmake -E cmake_link_script CMakeFiles/cmTryCompileExec753887743.dir/link.txt --verbose=1
/usr/bin/c++   -I/usr/lib/llvm-3.5/include  -DNDEBUG -D_GNU_SOURCE -D__STDC_CONSTANT_MACROS -D__STDC_FORMAT_MACROS -D__STDC_LIMIT_MACROS -g -O2 -fomit-frame-pointer -std=c++11 -fvisibility-inlines-hidden -fno-exceptions -fPIC -Woverloaded-virtual -ffunction-sections -fdata-sections -Wcast-qual -std=c++0x -fpic     CMakeFiles/cmTryCompileExec753887743.dir/CheckSymbolExists.cxx.o  -o cmTryCompileExec753887743 -rdynamic 
make[1]: Leaving directory `/home/hyphen/.emacs.d/plugins/rtags/build/CMakeFiles/CMakeTmp'

File /home/hyphen/.emacs.d/plugins/rtags/build/CMakeFiles/CMakeTmp/CheckSymbolExists.cxx:
/* */
#include <pthread.h>

int main(int argc, char** argv)
{
  (void)argv;
#ifndef SCHED_IDLE
  return ((int*)(&SCHED_IDLE))[argc];
#else
  (void)argc;
  return 0;
#endif
}

Determining if the SHM_DEST exist passed with the following output:
Change Dir: /home/hyphen/.emacs.d/plugins/rtags/build/CMakeFiles/CMakeTmp

Run Build Command:/usr/bin/make "cmTryCompileExec811147062/fast"
/usr/bin/make -f CMakeFiles/cmTryCompileExec811147062.dir/build.make CMakeFiles/cmTryCompileExec811147062.dir/build
make[1]: Entering directory `/home/hyphen/.emacs.d/plugins/rtags/build/CMakeFiles/CMakeTmp'
/usr/bin/cmake -E cmake_progress_report /home/hyphen/.emacs.d/plugins/rtags/build/CMakeFiles/CMakeTmp/CMakeFiles 1
Building CXX object CMakeFiles/cmTryCompileExec811147062.dir/CheckSymbolExists.cxx.o
/usr/bin/c++    -I/usr/lib/llvm-3.5/include  -DNDEBUG -D_GNU_SOURCE -D__STDC_CONSTANT_MACROS -D__STDC_FORMAT_MACROS -D__STDC_LIMIT_MACROS -g -O2 -fomit-frame-pointer -std=c++11 -fvisibility-inlines-hidden -fno-exceptions -fPIC -Woverloaded-virtual -ffunction-sections -fdata-sections -Wcast-qual -std=c++0x -fpic    -o CMakeFiles/cmTryCompileExec811147062.dir/CheckSymbolExists.cxx.o -c /home/hyphen/.emacs.d/plugins/rtags/build/CMakeFiles/CMakeTmp/CheckSymbolExists.cxx
Linking CXX executable cmTryCompileExec811147062
/usr/bin/cmake -E cmake_link_script CMakeFiles/cmTryCompileExec811147062.dir/link.txt --verbose=1
/usr/bin/c++   -I/usr/lib/llvm-3.5/include  -DNDEBUG -D_GNU_SOURCE -D__STDC_CONSTANT_MACROS -D__STDC_FORMAT_MACROS -D__STDC_LIMIT_MACROS -g -O2 -fomit-frame-pointer -std=c++11 -fvisibility-inlines-hidden -fno-exceptions -fPIC -Woverloaded-virtual -ffunction-sections -fdata-sections -Wcast-qual -std=c++0x -fpic     CMakeFiles/cmTryCompileExec811147062.dir/CheckSymbolExists.cxx.o  -o cmTryCompileExec811147062 -rdynamic 
make[1]: Leaving directory `/home/hyphen/.emacs.d/plugins/rtags/build/CMakeFiles/CMakeTmp'

File /home/hyphen/.emacs.d/plugins/rtags/build/CMakeFiles/CMakeTmp/CheckSymbolExists.cxx:
/* */
#include <sys/types.h>
#include <sys/ipc.h>
#include <sys/shm.h>

int main(int argc, char** argv)
{
  (void)argv;
#ifndef SHM_DEST
  return ((int*)(&SHM_DEST))[argc];
#else
  (void)argc;
  return 0;
#endif
}

Performing C++ SOURCE FILE Test HAVE_STATMTIM succeded with the following output:
Change Dir: /home/hyphen/.emacs.d/plugins/rtags/build/CMakeFiles/CMakeTmp

Run Build Command:/usr/bin/make "cmTryCompileExec39794667/fast"
/usr/bin/make -f CMakeFiles/cmTryCompileExec39794667.dir/build.make CMakeFiles/cmTryCompileExec39794667.dir/build
make[1]: Entering directory `/home/hyphen/.emacs.d/plugins/rtags/build/CMakeFiles/CMakeTmp'
/usr/bin/cmake -E cmake_progress_report /home/hyphen/.emacs.d/plugins/rtags/build/CMakeFiles/CMakeTmp/CMakeFiles 1
Building CXX object CMakeFiles/cmTryCompileExec39794667.dir/src.cxx.o
/usr/bin/c++    -I/usr/lib/llvm-3.5/include  -DNDEBUG -D_GNU_SOURCE -D__STDC_CONSTANT_MACROS -D__STDC_FORMAT_MACROS -D__STDC_LIMIT_MACROS -g -O2 -fomit-frame-pointer -std=c++11 -fvisibility-inlines-hidden -fno-exceptions -fPIC -Woverloaded-virtual -ffunction-sections -fdata-sections -Wcast-qual -std=c++0x -fpic -DHAVE_STATMTIM   -o CMakeFiles/cmTryCompileExec39794667.dir/src.cxx.o -c /home/hyphen/.emacs.d/plugins/rtags/build/CMakeFiles/CMakeTmp/src.cxx
Linking CXX executable cmTryCompileExec39794667
/usr/bin/cmake -E cmake_link_script CMakeFiles/cmTryCompileExec39794667.dir/link.txt --verbose=1
/usr/bin/c++   -I/usr/lib/llvm-3.5/include  -DNDEBUG -D_GNU_SOURCE -D__STDC_CONSTANT_MACROS -D__STDC_FORMAT_MACROS -D__STDC_LIMIT_MACROS -g -O2 -fomit-frame-pointer -std=c++11 -fvisibility-inlines-hidden -fno-exceptions -fPIC -Woverloaded-virtual -ffunction-sections -fdata-sections -Wcast-qual -std=c++0x -fpic -DHAVE_STATMTIM    CMakeFiles/cmTryCompileExec39794667.dir/src.cxx.o  -o cmTryCompileExec39794667 -rdynamic 
make[1]: Leaving directory `/home/hyphen/.emacs.d/plugins/rtags/build/CMakeFiles/CMakeTmp'

Source file was:

  #include <sys/types.h>
  #include <sys/stat.h>
  int main(int, char**) {
      struct stat st;
      return st.st_mtim.tv_sec;
  }
Performing C++ SOURCE FILE Test HAVE_CXX11 succeded with the following output:
Change Dir: /home/hyphen/.emacs.d/plugins/rtags/build/CMakeFiles/CMakeTmp

Run Build Command:/usr/bin/make "cmTryCompileExec3421744320/fast"
/usr/bin/make -f CMakeFiles/cmTryCompileExec3421744320.dir/build.make CMakeFiles/cmTryCompileExec3421744320.dir/build
make[1]: Entering directory `/home/hyphen/.emacs.d/plugins/rtags/build/CMakeFiles/CMakeTmp'
/usr/bin/cmake -E cmake_progress_report /home/hyphen/.emacs.d/plugins/rtags/build/CMakeFiles/CMakeTmp/CMakeFiles 1
Building CXX object CMakeFiles/cmTryCompileExec3421744320.dir/src.cxx.o
/usr/bin/c++    -I/usr/lib/llvm-3.5/include  -DNDEBUG -D_GNU_SOURCE -D__STDC_CONSTANT_MACROS -D__STDC_FORMAT_MACROS -D__STDC_LIMIT_MACROS -g -O2 -fomit-frame-pointer -std=c++11 -fvisibility-inlines-hidden -fno-exceptions -fPIC -Woverloaded-virtual -ffunction-sections -fdata-sections -Wcast-qual -std=c++0x -fpic -DHAVE_CXX11 -std=c++11   -o CMakeFiles/cmTryCompileExec3421744320.dir/src.cxx.o -c /home/hyphen/.emacs.d/plugins/rtags/build/CMakeFiles/CMakeTmp/src.cxx
Linking CXX executable cmTryCompileExec3421744320
/usr/bin/cmake -E cmake_link_script CMakeFiles/cmTryCompileExec3421744320.dir/link.txt --verbose=1
/usr/bin/c++   -I/usr/lib/llvm-3.5/include  -DNDEBUG -D_GNU_SOURCE -D__STDC_CONSTANT_MACROS -D__STDC_FORMAT_MACROS -D__STDC_LIMIT_MACROS -g -O2 -fomit-frame-pointer -std=c++11 -fvisibility-inlines-hidden -fno-exceptions -fPIC -Woverloaded-virtual -ffunction-sections -fdata-sections -Wcast-qual -std=c++0x -fpic -DHAVE_CXX11 -std=c++11    CMakeFiles/cmTryCompileExec3421744320.dir/src.cxx.o  -o cmTryCompileExec3421744320 -rdynamic 
make[1]: Leaving directory `/home/hyphen/.emacs.d/plugins/rtags/build/CMakeFiles/CMakeTmp'

Source file was:

  #include <memory>
  #include <mutex>
  #include <tuple>
  #include <string>
  #include </home/hyphen/.emacs.d/plugins/rtags/src/rct/rct/Apply.h>

  void callTest(int, std::string) { }

  int main(int, char**) {
      std::shared_ptr<int> ptr;
      std::mutex mtx;
      std::unique_lock<std::mutex> lock(mtx);
      std::tuple<int, std::string> tpl(5, std::string("foo"));
      applyMove(std::bind(callTest, std::placeholders::_1, std::placeholders::_2), tpl);
      return 0;
  }
Performing C++ SOURCE FILE Test HAVE_UNORDERDED_MAP_WORKING_MOVE_CONSTRUCTOR succeded with the following output:
Change Dir: /home/hyphen/.emacs.d/plugins/rtags/build/CMakeFiles/CMakeTmp

Run Build Command:/usr/bin/make "cmTryCompileExec3330081609/fast"
/usr/bin/make -f CMakeFiles/cmTryCompileExec3330081609.dir/build.make CMakeFiles/cmTryCompileExec3330081609.dir/build
make[1]: Entering directory `/home/hyphen/.emacs.d/plugins/rtags/build/CMakeFiles/CMakeTmp'
/usr/bin/cmake -E cmake_progress_report /home/hyphen/.emacs.d/plugins/rtags/build/CMakeFiles/CMakeTmp/CMakeFiles 1
Building CXX object CMakeFiles/cmTryCompileExec3330081609.dir/src.cxx.o
/usr/bin/c++    -I/usr/lib/llvm-3.5/include  -DNDEBUG -D_GNU_SOURCE -D__STDC_CONSTANT_MACROS -D__STDC_FORMAT_MACROS -D__STDC_LIMIT_MACROS -g -O2 -fomit-frame-pointer -std=c++11 -fvisibility-inlines-hidden -fno-exceptions -fPIC -Woverloaded-virtual -ffunction-sections -fdata-sections -Wcast-qual -std=c++0x -fpic -DHAVE_UNORDERDED_MAP_WORKING_MOVE_CONSTRUCTOR -std=c++11   -o CMakeFiles/cmTryCompileExec3330081609.dir/src.cxx.o -c /home/hyphen/.emacs.d/plugins/rtags/build/CMakeFiles/CMakeTmp/src.cxx
Linking CXX executable cmTryCompileExec3330081609
/usr/bin/cmake -E cmake_link_script CMakeFiles/cmTryCompileExec3330081609.dir/link.txt --verbose=1
/usr/bin/c++   -I/usr/lib/llvm-3.5/include  -DNDEBUG -D_GNU_SOURCE -D__STDC_CONSTANT_MACROS -D__STDC_FORMAT_MACROS -D__STDC_LIMIT_MACROS -g -O2 -fomit-frame-pointer -std=c++11 -fvisibility-inlines-hidden -fno-exceptions -fPIC -Woverloaded-virtual -ffunction-sections -fdata-sections -Wcast-qual -std=c++0x -fpic -DHAVE_UNORDERDED_MAP_WORKING_MOVE_CONSTRUCTOR -std=c++11    CMakeFiles/cmTryCompileExec3330081609.dir/src.cxx.o  -o cmTryCompileExec3330081609 -rdynamic 
make[1]: Leaving directory `/home/hyphen/.emacs.d/plugins/rtags/build/CMakeFiles/CMakeTmp'

Return value: 1
Source file was:

  #include <unordered_map>

  int main(int, char **)
  {
      std::unordered_map<int, int> a;
      a.emplace(1, 1);
      std::unordered_map<int, int> b = std::move(a);
      a.emplace(1, 1);
      return 0;
  }
